<?xml version="1.0" encoding="UTF-8"?>
<testsuite name="ResponseTest" tests="1" skipped="0" failures="0" errors="0" timestamp="2022-09-02T07:08:53" hostname="DESKTOP-E6OL6I8" time="0.022">
  <properties/>
  <testcase name="uniqueCharactersCheck()" classname="ResponseTest" time="0.022"/>
  <system-out><![CDATA[]]></system-out>
  <system-err><![CDATA[]]></system-err>
</testsuite>
